v2.4.9_Android/Samples/DO-Print/DOPrint/build/intermediates/manifest_merge_blame_file/debug/manifest-merger-blame-debug-report.txt
1<?xml version="1.0" encoding="utf-8"?>
2<manifest xmlns:android="http://schemas.android.com/apk/res/android"
3    package="com.honeywell.doprint"
4    android:versionCode="3"
5    android:versionName="1.0.2" >
6
7    <uses-sdk
8        android:minSdkVersion="33"
9        android:targetSdkVersion="34" />
10
11    <uses-permission android:name="android.permission.BLUETOOTH_ADMIN" />
11-->src/main/AndroidManifest.xml:7:5-74
11-->src/main/AndroidManifest.xml:7:22-71
12    <uses-permission android:name="android.permission.BLUETOOTH" />
12-->src/main/AndroidManifest.xml:8:5-67
12-->src/main/AndroidManifest.xml:8:22-65
13    <uses-permission android:name="android.permission.INTERNET" />
13-->src/main/AndroidManifest.xml:9:5-66
13-->src/main/AndroidManifest.xml:9:22-64
14    <uses-permission
14-->src/main/AndroidManifest.xml:10:5-11:37
15        android:name="android.permission.WRITE_EXTERNAL_STORAGE"
15-->src/main/AndroidManifest.xml:10:22-78
16        android:maxSdkVersion="32" />
16-->src/main/AndroidManifest.xml:11:9-35
17    <uses-permission
17-->src/main/AndroidManifest.xml:12:5-13:37
18        android:name="android.permission.READ_EXTERNAL_STORAGE"
18-->src/main/AndroidManifest.xml:12:22-77
19        android:maxSdkVersion="32" />
19-->src/main/AndroidManifest.xml:13:9-35
20    <!-- Para Android 13+ (API 33+) -->
21    <uses-permission android:name="android.permission.READ_MEDIA_IMAGES" />
21-->src/main/AndroidManifest.xml:15:5-75
21-->src/main/AndroidManifest.xml:15:22-73
22    <uses-permission android:name="android.permission.READ_MEDIA_VIDEO" />
22-->src/main/AndroidManifest.xml:16:5-74
22-->src/main/AndroidManifest.xml:16:22-72
23    <!-- Para gerenciar todos os arquivos (opcional) -->
24    <uses-permission android:name="android.permission.MANAGE_EXTERNAL_STORAGE" />
24-->src/main/AndroidManifest.xml:18:5-19:39
24-->src/main/AndroidManifest.xml:18:22-79
25
26    <uses-feature android:name="android.hardware.usb.host" />
26-->[:DO_AndroidSDK_v2.4.9:] AndroidManifest.xml:11:5-62
26-->[:DO_AndroidSDK_v2.4.9:] AndroidManifest.xml:11:19-59
27
28    <permission
28-->[androidx.core:core:1.12.0] AndroidManifest.xml:22:5-24:47
29        android:name="com.honeywell.doprint.DYNAMIC_RECEIVER_NOT_EXPORTED_PERMISSION"
29-->[androidx.core:core:1.12.0] AndroidManifest.xml:23:9-81
30        android:protectionLevel="signature" />
30-->[androidx.core:core:1.12.0] AndroidManifest.xml:24:9-44
31
32    <uses-permission android:name="com.honeywell.doprint.DYNAMIC_RECEIVER_NOT_EXPORTED_PERMISSION" />
32-->[androidx.core:core:1.12.0] AndroidManifest.xml:26:5-97
32-->[androidx.core:core:1.12.0] AndroidManifest.xml:26:22-94
33
34    <application
34-->src/main/AndroidManifest.xml:21:5-63:19
35        android:allowBackup="false"
35-->src/main/AndroidManifest.xml:26:9-36
36        android:appComponentFactory="androidx.core.app.CoreComponentFactory"
36-->[androidx.core:core:1.12.0] AndroidManifest.xml:28:18-86
37        android:debuggable="true"
38        android:extractNativeLibs="false"
39        android:icon="@drawable/honeywell_inverted_icon"
39-->src/main/AndroidManifest.xml:22:9-57
40        android:label="@string/app_name"
40-->src/main/AndroidManifest.xml:23:9-41
41        android:requestLegacyExternalStorage="true"
41-->src/main/AndroidManifest.xml:27:9-52
42        android:testOnly="true"
43        android:theme="@style/AppTheme.DarkActionBar" >
43-->src/main/AndroidManifest.xml:24:9-54
44        <activity
44-->src/main/AndroidManifest.xml:28:9-38:20
45            android:name="com.honeywell.doprint.DOPrintMainActivity"
45-->src/main/AndroidManifest.xml:29:13-69
46            android:configChanges="orientation|keyboard|keyboardHidden|screenSize"
46-->src/main/AndroidManifest.xml:30:13-83
47            android:exported="true"
47-->src/main/AndroidManifest.xml:32:13-36
48            android:windowSoftInputMode="stateHidden|adjustResize" >
48-->src/main/AndroidManifest.xml:31:13-67
49            <intent-filter>
49-->src/main/AndroidManifest.xml:33:13-37:29
50                <action android:name="android.intent.action.MAIN" />
50-->src/main/AndroidManifest.xml:34:17-69
50-->src/main/AndroidManifest.xml:34:25-66
51
52                <category android:name="android.intent.category.LAUNCHER" />
52-->src/main/AndroidManifest.xml:36:17-77
52-->src/main/AndroidManifest.xml:36:27-74
53            </intent-filter>
54        </activity>
55        <activity
55-->src/main/AndroidManifest.xml:39:9-50:20
56            android:name="com.honeywell.doprint.FileBrowseActivity"
56-->src/main/AndroidManifest.xml:40:13-68
57            android:configChanges="orientation|keyboard|keyboardHidden|screenSize"
57-->src/main/AndroidManifest.xml:42:13-83
58            android:exported="false"
58-->src/main/AndroidManifest.xml:44:13-37
59            android:label="@string/app_name"
59-->src/main/AndroidManifest.xml:41:13-45
60            android:theme="@style/AppTheme.NoActionBar" >
60-->src/main/AndroidManifest.xml:43:13-56
61            <intent-filter>
61-->src/main/AndroidManifest.xml:45:13-49:29
62                <action android:name="com.honeywell.doprint.FileBrowseActivity" />
62-->src/main/AndroidManifest.xml:46:17-83
62-->src/main/AndroidManifest.xml:46:25-80
63
64                <category android:name="android.intent.category.DEFAULT" />
64-->src/main/AndroidManifest.xml:48:17-76
64-->src/main/AndroidManifest.xml:48:27-73
65            </intent-filter>
66        </activity>
67        <activity
67-->src/main/AndroidManifest.xml:51:9-62:20
68            android:name="com.honeywell.doprint.ConnectionSettingsActivity"
68-->src/main/AndroidManifest.xml:52:13-76
69            android:configChanges="orientation|keyboard|keyboardHidden|screenSize"
69-->src/main/AndroidManifest.xml:54:13-83
70            android:exported="false"
70-->src/main/AndroidManifest.xml:56:13-37
71            android:label="@string/app_name"
71-->src/main/AndroidManifest.xml:53:13-45
72            android:windowSoftInputMode="stateHidden|adjustResize" >
72-->src/main/AndroidManifest.xml:55:13-67
73            <intent-filter>
73-->src/main/AndroidManifest.xml:57:13-61:29
74                <action android:name="com.honeywell.doprint.ConnectionSettingsActivity" />
74-->src/main/AndroidManifest.xml:58:17-91
74-->src/main/AndroidManifest.xml:58:25-88
75
76                <category android:name="android.intent.category.DEFAULT" />
76-->src/main/AndroidManifest.xml:48:17-76
76-->src/main/AndroidManifest.xml:48:27-73
77            </intent-filter>
78        </activity>
79
80        <provider
80-->[androidx.emoji2:emoji2:1.2.0] AndroidManifest.xml:24:9-32:20
81            android:name="androidx.startup.InitializationProvider"
81-->[androidx.emoji2:emoji2:1.2.0] AndroidManifest.xml:25:13-67
82            android:authorities="com.honeywell.doprint.androidx-startup"
82-->[androidx.emoji2:emoji2:1.2.0] AndroidManifest.xml:26:13-68
83            android:exported="false" >
83-->[androidx.emoji2:emoji2:1.2.0] AndroidManifest.xml:27:13-37
84            <meta-data
84-->[androidx.emoji2:emoji2:1.2.0] AndroidManifest.xml:29:13-31:52
85                android:name="androidx.emoji2.text.EmojiCompatInitializer"
85-->[androidx.emoji2:emoji2:1.2.0] AndroidManifest.xml:30:17-75
86                android:value="androidx.startup" />
86-->[androidx.emoji2:emoji2:1.2.0] AndroidManifest.xml:31:17-49
87            <meta-data
87-->[androidx.lifecycle:lifecycle-process:2.4.1] AndroidManifest.xml:31:13-33:52
88                android:name="androidx.lifecycle.ProcessLifecycleInitializer"
88-->[androidx.lifecycle:lifecycle-process:2.4.1] AndroidManifest.xml:32:17-78
89                android:value="androidx.startup" />
89-->[androidx.lifecycle:lifecycle-process:2.4.1] AndroidManifest.xml:33:17-49
90        </provider>
91    </application>
92
93</manifest>